2023-11-22 18:10:14,676: barf.barf:INFO: Initializing BARF
2023-11-22 18:10:14,682: barf.core.smt.smtsolver:DEBUG: > (set-option :global-decls false)
2023-11-22 18:10:14,683: barf.core.smt.smtsolver:DEBUG: > (set-logic QF_AUFBV)
2023-11-22 18:10:14,683: barf.core.smt.smtsolver:DEBUG: > (declare-fun MEM_0 () (Array (_ BitVec 64) (_ BitVec 8)))
2023-11-22 18:10:14,683: barf.arch.emulator:INFO: Loading ELF image into memory
2023-11-22 18:10:14,684: barf.arch.emulator:INFO: Loading segment #0 (0x40-0x318)
2023-11-22 18:10:14,685: barf.arch.emulator:INFO: Loading segment #1 (0x318-0x334)
2023-11-22 18:10:14,685: barf.arch.emulator:INFO: Loading segment #2 (0x0-0xcd8)
2023-11-22 18:10:14,688: barf.arch.emulator:INFO: Loading segment #3 (0x1000-0x18c9)
2023-11-22 18:10:14,690: barf.arch.emulator:INFO: Loading segment #4 (0x2000-0x21cc)
2023-11-22 18:10:14,691: barf.arch.emulator:INFO: Loading segment #5 (0x3cd8-0x4010)
2023-11-22 18:10:14,692: barf.arch.emulator:INFO: Loading segment #6 (0x3ce8-0x3ef8)
2023-11-22 18:10:14,693: barf.arch.emulator:INFO: Loading segment #7 (0x338-0x368)
2023-11-22 18:10:14,693: barf.arch.emulator:INFO: Loading segment #8 (0x368-0x3ac)
2023-11-22 18:10:14,693: barf.arch.emulator:INFO: Loading segment #9 (0x338-0x368)
2023-11-22 18:10:14,693: barf.arch.emulator:INFO: Loading segment #10 (0x2068-0x20b4)
2023-11-22 18:10:14,693: barf.arch.emulator:INFO: Loading segment #11 (0x0-0x0)
2023-11-22 18:10:14,693: barf.arch.emulator:INFO: Loading segment #12 (0x3cd8-0x4000)
2023-11-22 18:10:14,874: barf.arch.translator:WARNING: Instruction not supported: endbr64 (endbr64 [b'f30f1efa'])
NoneType: None
2023-11-22 18:10:14,878: barf.arch.translator:WARNING: Instruction not supported: endbr64 (endbr64 [b'f30f1efa'])
NoneType: None
2023-11-22 18:10:14,880: barf.arch.translator:WARNING: Instruction not supported: endbr64 (endbr64 [b'f30f1efa'])
NoneType: None
2023-11-22 18:10:14,880: barf.arch.translator:WARNING: Instruction not supported: endbr64 (endbr64 [b'f30f1efa'])
NoneType: None
2023-11-22 18:10:14,884: barf.arch.translator:WARNING: Instruction not supported: endbr64 (endbr64 [b'f30f1efa'])
NoneType: None
2023-11-22 18:10:14,890: barf.arch.translator:WARNING: Instruction not supported: endbr64 (endbr64 [b'f30f1efa'])
NoneType: None
2023-11-22 18:10:14,893: barf.arch.translator:WARNING: Instruction not supported: endbr64 (endbr64 [b'f30f1efa'])
NoneType: None
2023-11-22 18:10:14,904: barf.arch.translator:WARNING: Instruction not supported: endbr64 (endbr64 [b'f30f1efa'])
NoneType: None
2023-11-22 18:10:14,907: barf.arch.translator:WARNING: Instruction not supported: endbr64 (endbr64 [b'f30f1efa'])
NoneType: None
2023-11-22 18:10:14,908: barf.arch.translator:WARNING: Instruction not supported: endbr64 (endbr64 [b'f30f1efa'])
NoneType: None
2023-11-22 18:10:14,908: barf.arch.translator:WARNING: Instruction not supported: endbr64 (endbr64 [b'f30f1efa'])
NoneType: None
2023-11-22 18:10:14,910: barf.arch.translator:WARNING: Instruction not supported: endbr64 (endbr64 [b'f30f1efa'])
NoneType: None
2023-11-22 18:10:14,914: barf.arch.translator:WARNING: Instruction not supported: endbr64 (endbr64 [b'f30f1efa'])
NoneType: None
2023-11-22 18:10:14,916: barf.arch.translator:WARNING: Instruction not supported: endbr64 (endbr64 [b'f30f1efa'])
NoneType: None
2023-11-22 18:10:14,923: barf.core.smt.smtsolver:DEBUG: > (declare-fun rax_0 () (_ BitVec 64))
